<?xml version="1.0" encoding="UTF-8"?>
<!-- Generated by org.testng.reporters.JUnitXMLReporter -->
<testsuite ignored="0" hostname="TYSS-Vijayalaxmi" failures="0" tests="6" name="Default test" time="0.526" errors="0" timestamp="2022-09-23T16:47:33 IST">
  <testcase classname="PracticePackage.ReadMultipleDataTest" name="hotelMenu" time="0.005"/>
  <testcase classname="PracticePackage.ReadMultipleDataTest" name="hotelMenu" time="0.0"/>
  <testcase classname="PracticePackage.ReadMultipleDataTest" name="hotelMenu" time="0.001"/>
  <testcase classname="PracticePackage.ReadMultipleDataTest" name="hotelMenu" time="0.0"/>
  <testcase classname="PracticePackage.ReadMultipleDataTest" name="hotelMenu" time="0.001"/>
  <testcase classname="PracticePackage.ReadMultipleDataTest" name="hotelMenu" time="0.001"/>
</testsuite> <!-- Default test -->
