<?xml version="1.0" encoding="UTF-8"?>
<!-- Generated by org.testng.reporters.JUnitXMLReporter -->
<testsuite ignored="2" hostname="TYSS-Vijayalaxmi" failures="0" tests="2" name="TestRunner-1" time="34.969" errors="0" timestamp="2022-09-21T17:10:08 IST">
  <testcase classname="OraganizationModule.CreateOrgUsingPOM" name="createOrg" time="6.778"/>
  <testcase classname="OraganizationModule.CreateContactTestUsingPOM" name="createContacts" time="18.286"/>
  <testcase classname="com.sdet41.genericUtility.BaseClass" name="@BeforeSuite connectToDB" time="0.0">
    <ignored/>
  </testcase> <!-- @BeforeSuite connectToDB -->
  <testcase classname="com.sdet41.genericUtility.BaseClass" name="@AfterSuite closeDB" time="0.0">
    <ignored/>
  </testcase> <!-- @AfterSuite closeDB -->
</testsuite> <!-- TestRunner-1 -->
