<?xml version="1.0" encoding="UTF-8"?>
<!-- Generated by org.testng.reporters.JUnitXMLReporter -->
<testsuite ignored="0" hostname="TYSS-Vijayalaxmi" failures="1" tests="1" name="Test" time="10.003" errors="0" timestamp="2022-09-23T11:57:14 IST">
  <testcase classname="OraganizationModule.CreateOrgUsingPOM" name="createOrg" time="1.129">
    <failure type="java.lang.AssertionError" message="null">
      <![CDATA[java.lang.AssertionError: null
at OraganizationModule.CreateOrgUsingPOM.createOrg(CreateOrgUsingPOM.java:37)
at java.base/java.util.ArrayList.forEach(ArrayList.java:1511)
... Removed 29 stack frames]]>
    </failure>
  </testcase> <!-- createOrg -->
</testsuite> <!-- Test -->
