<?xml version="1.0" encoding="UTF-8"?>
<testng-results ignored="0" total="6" passed="6" failed="0" skipped="0">
  <reporter-output>
  </reporter-output>
  <suite started-at="2022-09-23T16:47:32 IST" name="Default suite" finished-at="2022-09-23T16:47:32 IST" duration-ms="526">
    <groups>
    </groups>
    <test started-at="2022-09-23T16:47:32 IST" name="Default test" finished-at="2022-09-23T16:47:32 IST" duration-ms="526">
      <class name="PracticePackage.ReadMultipleDataTest">
        <test-method signature="hotelMenu(java.lang.String,java.lang.String)[pri:0, instance:PracticePackage.ReadMultipleDataTest@101952da]" started-at="2022-09-23T16:47:32 IST" name="hotelMenu" data-provider="getData" finished-at="2022-09-23T16:47:32 IST" duration-ms="5" status="PASS">
          <params>
            <param index="0">
              <value>
                <![CDATA[Biriyani]]>
              </value>
            </param>
            <param index="1">
              <value>
                <![CDATA[70]]>
              </value>
            </param>
          </params>
          <reporter-output>
          </reporter-output>
        </test-method> <!-- hotelMenu -->
        <test-method signature="hotelMenu(java.lang.String,java.lang.String)[pri:0, instance:PracticePackage.ReadMultipleDataTest@101952da]" started-at="2022-09-23T16:47:32 IST" name="hotelMenu" data-provider="getData" finished-at="2022-09-23T16:47:32 IST" duration-ms="0" status="PASS">
          <params>
            <param index="0">
              <value>
                <![CDATA[Chapathi]]>
              </value>
            </param>
            <param index="1">
              <value>
                <![CDATA[20]]>
              </value>
            </param>
          </params>
          <reporter-output>
          </reporter-output>
        </test-method> <!-- hotelMenu -->
        <test-method signature="hotelMenu(java.lang.String,java.lang.String)[pri:0, instance:PracticePackage.ReadMultipleDataTest@101952da]" started-at="2022-09-23T16:47:32 IST" name="hotelMenu" data-provider="getData" finished-at="2022-09-23T16:47:32 IST" duration-ms="1" status="PASS">
          <params>
            <param index="0">
              <value>
                <![CDATA[Paneer]]>
              </value>
            </param>
            <param index="1">
              <value>
                <![CDATA[100]]>
              </value>
            </param>
          </params>
          <reporter-output>
          </reporter-output>
        </test-method> <!-- hotelMenu -->
        <test-method signature="hotelMenu(java.lang.String,java.lang.String)[pri:0, instance:PracticePackage.ReadMultipleDataTest@101952da]" started-at="2022-09-23T16:47:32 IST" name="hotelMenu" data-provider="getData" finished-at="2022-09-23T16:47:32 IST" duration-ms="0" status="PASS">
          <params>
            <param index="0">
              <value>
                <![CDATA[Poori]]>
              </value>
            </param>
            <param index="1">
              <value>
                <![CDATA[25]]>
              </value>
            </param>
          </params>
          <reporter-output>
          </reporter-output>
        </test-method> <!-- hotelMenu -->
        <test-method signature="hotelMenu(java.lang.String,java.lang.String)[pri:0, instance:PracticePackage.ReadMultipleDataTest@101952da]" started-at="2022-09-23T16:47:32 IST" name="hotelMenu" data-provider="getData" finished-at="2022-09-23T16:47:32 IST" duration-ms="1" status="PASS">
          <params>
            <param index="0">
              <value>
                <![CDATA[RiceSambar]]>
              </value>
            </param>
            <param index="1">
              <value>
                <![CDATA[30]]>
              </value>
            </param>
          </params>
          <reporter-output>
          </reporter-output>
        </test-method> <!-- hotelMenu -->
        <test-method signature="hotelMenu(java.lang.String,java.lang.String)[pri:0, instance:PracticePackage.ReadMultipleDataTest@101952da]" started-at="2022-09-23T16:47:32 IST" name="hotelMenu" data-provider="getData" finished-at="2022-09-23T16:47:32 IST" duration-ms="1" status="PASS">
          <params>
            <param index="0">
              <value>
                <![CDATA[CurdRice]]>
              </value>
            </param>
            <param index="1">
              <value>
                <![CDATA[45]]>
              </value>
            </param>
          </params>
          <reporter-output>
          </reporter-output>
        </test-method> <!-- hotelMenu -->
      </class> <!-- PracticePackage.ReadMultipleDataTest -->
    </test> <!-- Default test -->
  </suite> <!-- Default suite -->
</testng-results>
